  FractalCreator.cpp
C:\D\Programming\Fractals\Fractals\Fractals\Fractals\FractalCreator.cpp(29,20): warning C4018: <: несоответствие типов со знаком и без знака
C:\D\Programming\Fractals\Fractals\Fractals\Fractals\FractalCreator.cpp(31,21): warning C4018: <: несоответствие типов со знаком и без знака
C:\D\Programming\Fractals\Fractals\Fractals\Fractals\FractalCreator.cpp(37,37): warning C4018: <: несоответствие типов со знаком и без знака
  MainWindow.cpp
C:\D\Programming\Fractals\Fractals\Fractals\Fractals\MainWindow.cpp(37,16): warning C4244: инициализация: преобразование "T" в "float", возможна потеря данных
          with
          [
              T=int
          ]
C:\D\Programming\Fractals\Fractals\Fractals\Fractals\MainWindow.cpp(38,16): warning C4244: инициализация: преобразование "T" в "float", возможна потеря данных
          with
          [
              T=int
          ]
C:\D\Programming\Fractals\Fractals\Fractals\Fractals\MainWindow.cpp(148,33): warning C4244: аргумент: преобразование "unsigned int" в "float", возможна потеря данных
C:\D\Programming\Fractals\Fractals\Fractals\Fractals\MainWindow.cpp(151,28): warning C4244: аргумент: преобразование "double" в "float", возможна потеря данных
C:\D\Programming\Fractals\Fractals\Fractals\Fractals\MainWindow.cpp(151,19): warning C4244: аргумент: преобразование "double" в "float", возможна потеря данных
  Settings.cpp
  Создание кода
  1 of 162 functions ( 0.6%) were compiled, the rest were copied from previous compilation.
    0 functions were new in current compilation
    1 functions had inline decision re-evaluated but remain unchanged
  Создание кода завершено
  Fractals.vcxproj -> C:\D\Programming\Fractals\Fractals\Fractals\Release\Fractals.exe
